{"/Users/mark/ipc/modules/env-config-shared/env-config.js":{"path":"/Users/mark/ipc/modules/env-config-shared/env-config.js","s":{"1":14,"2":14,"3":14,"4":14,"5":14,"6":1,"7":14,"8":14,"9":14,"10":12,"11":14,"12":13,"13":13,"14":24,"15":24,"16":6,"17":5,"18":14,"19":2,"20":12,"21":17,"22":12,"23":14,"24":13,"25":2,"26":13,"27":13,"28":1,"29":12,"30":10,"31":2,"32":107,"33":12,"34":14,"35":1,"36":14,"37":14,"38":14,"39":26,"40":26,"41":26,"42":14,"43":12,"44":14,"45":2,"46":12},"b":{"1":[12,2],"2":[13,1],"3":[5,1],"4":[6,6],"5":[2,12],"6":[2,11],"7":[1,12],"8":[10,2],"9":[12,12],"10":[10,10],"11":[26,26],"12":[12,2],"13":[14,14],"14":[2,12]},"f":{"1":14,"2":14,"3":13,"4":14},"fnMap":{"1":{"name":"(anonymous_1)","line":1,"loc":{"start":{"line":1,"column":1},"end":{"line":1,"column":12}}},"2":{"name":"EnvConfig","line":8,"loc":{"start":{"line":8,"column":1},"end":{"line":8,"column":22}}},"3":{"name":"(anonymous_3)","line":48,"loc":{"start":{"line":48,"column":27},"end":{"line":48,"column":52}}},"4":{"name":"findEnvFile","line":73,"loc":{"start":{"line":73,"column":1},"end":{"line":73,"column":35}}}},"statementMap":{"1":{"start":{"line":1,"column":0},"end":{"line":103,"column":14}},"2":{"start":{"line":3,"column":1},"end":{"line":3,"column":24}},"3":{"start":{"line":4,"column":1},"end":{"line":4,"column":28}},"4":{"start":{"line":5,"column":1},"end":{"line":5,"column":42}},"5":{"start":{"line":6,"column":1},"end":{"line":6,"column":53}},"6":{"start":{"line":8,"column":1},"end":{"line":45,"column":2}},"7":{"start":{"line":10,"column":2},"end":{"line":10,"column":24}},"8":{"start":{"line":13,"column":2},"end":{"line":13,"column":47}},"9":{"start":{"line":14,"column":2},"end":{"line":16,"column":3}},"10":{"start":{"line":15,"column":3},"end":{"line":15,"column":40}},"11":{"start":{"line":19,"column":2},"end":{"line":30,"column":3}},"12":{"start":{"line":20,"column":3},"end":{"line":20,"column":44}},"13":{"start":{"line":21,"column":3},"end":{"line":29,"column":4}},"14":{"start":{"line":22,"column":4},"end":{"line":28,"column":20}},"15":{"start":{"line":23,"column":5},"end":{"line":23,"column":38}},"16":{"start":{"line":25,"column":5},"end":{"line":27,"column":6}},"17":{"start":{"line":26,"column":6},"end":{"line":26,"column":38}},"18":{"start":{"line":33,"column":2},"end":{"line":35,"column":3}},"19":{"start":{"line":34,"column":3},"end":{"line":34,"column":121}},"20":{"start":{"line":38,"column":2},"end":{"line":42,"column":3}},"21":{"start":{"line":39,"column":3},"end":{"line":41,"column":6}},"22":{"start":{"line":44,"column":2},"end":{"line":44,"column":14}},"23":{"start":{"line":48,"column":1},"end":{"line":68,"column":3}},"24":{"start":{"line":49,"column":2},"end":{"line":51,"column":3}},"25":{"start":{"line":50,"column":3},"end":{"line":50,"column":15}},"26":{"start":{"line":52,"column":2},"end":{"line":52,"column":34}},"27":{"start":{"line":54,"column":2},"end":{"line":56,"column":3}},"28":{"start":{"line":55,"column":3},"end":{"line":55,"column":15}},"29":{"start":{"line":58,"column":2},"end":{"line":64,"column":3}},"30":{"start":{"line":59,"column":3},"end":{"line":59,"column":33}},"31":{"start":{"line":61,"column":3},"end":{"line":63,"column":4}},"32":{"start":{"line":62,"column":4},"end":{"line":62,"column":26}},"33":{"start":{"line":67,"column":2},"end":{"line":67,"column":14}},"34":{"start":{"line":70,"column":1},"end":{"line":70,"column":34}},"35":{"start":{"line":73,"column":1},"end":{"line":101,"column":2}},"36":{"start":{"line":75,"column":2},"end":{"line":75,"column":26}},"37":{"start":{"line":78,"column":2},"end":{"line":78,"column":16}},"38":{"start":{"line":80,"column":2},"end":{"line":100,"column":3}},"39":{"start":{"line":82,"column":3},"end":{"line":82,"column":59}},"40":{"start":{"line":84,"column":3},"end":{"line":90,"column":19}},"41":{"start":{"line":85,"column":4},"end":{"line":85,"column":36}},"42":{"start":{"line":86,"column":4},"end":{"line":89,"column":5}},"43":{"start":{"line":88,"column":5},"end":{"line":88,"column":20}},"44":{"start":{"line":93,"column":3},"end":{"line":99,"column":4}},"45":{"start":{"line":94,"column":4},"end":{"line":94,"column":16}},"46":{"start":{"line":98,"column":4},"end":{"line":98,"column":45}}},"branchMap":{"1":{"line":14,"type":"if","locations":[{"start":{"line":14,"column":2},"end":{"line":14,"column":2}},{"start":{"line":14,"column":2},"end":{"line":14,"column":2}}]},"2":{"line":19,"type":"if","locations":[{"start":{"line":19,"column":2},"end":{"line":19,"column":2}},{"start":{"line":19,"column":2},"end":{"line":19,"column":2}}]},"3":{"line":25,"type":"if","locations":[{"start":{"line":25,"column":5},"end":{"line":25,"column":5}},{"start":{"line":25,"column":5},"end":{"line":25,"column":5}}]},"4":{"line":25,"type":"binary-expr","locations":[{"start":{"line":25,"column":9},"end":{"line":25,"column":13}},{"start":{"line":25,"column":17},"end":{"line":25,"column":30}}]},"5":{"line":33,"type":"if","locations":[{"start":{"line":33,"column":2},"end":{"line":33,"column":2}},{"start":{"line":33,"column":2},"end":{"line":33,"column":2}}]},"6":{"line":49,"type":"if","locations":[{"start":{"line":49,"column":2},"end":{"line":49,"column":2}},{"start":{"line":49,"column":2},"end":{"line":49,"column":2}}]},"7":{"line":54,"type":"if","locations":[{"start":{"line":54,"column":2},"end":{"line":54,"column":2}},{"start":{"line":54,"column":2},"end":{"line":54,"column":2}}]},"8":{"line":58,"type":"if","locations":[{"start":{"line":58,"column":2},"end":{"line":58,"column":2}},{"start":{"line":58,"column":2},"end":{"line":58,"column":2}}]},"9":{"line":58,"type":"binary-expr","locations":[{"start":{"line":58,"column":6},"end":{"line":58,"column":11}},{"start":{"line":58,"column":15},"end":{"line":58,"column":22}}]},"10":{"line":59,"type":"binary-expr","locations":[{"start":{"line":59,"column":8},"end":{"line":59,"column":13}},{"start":{"line":59,"column":17},"end":{"line":59,"column":24}}]},"11":{"line":80,"type":"binary-expr","locations":[{"start":{"line":80,"column":9},"end":{"line":80,"column":13}},{"start":{"line":80,"column":17},"end":{"line":80,"column":30}}]},"12":{"line":86,"type":"if","locations":[{"start":{"line":86,"column":4},"end":{"line":86,"column":4}},{"start":{"line":86,"column":4},"end":{"line":86,"column":4}}]},"13":{"line":86,"type":"binary-expr","locations":[{"start":{"line":86,"column":8},"end":{"line":86,"column":12}},{"start":{"line":86,"column":16},"end":{"line":86,"column":29}}]},"14":{"line":93,"type":"if","locations":[{"start":{"line":93,"column":3},"end":{"line":93,"column":3}},{"start":{"line":93,"column":3},"end":{"line":93,"column":3}}]}}}}