TN:
SF:/Users/mark/ipc/modules/env-config-shared/env-config.js
FN:1,(anonymous_1)
FN:8,EnvConfig
FN:48,(anonymous_3)
FN:73,findEnvFile
FNF:4
FNH:4
FNDA:14,(anonymous_1)
FNDA:14,EnvConfig
FNDA:13,(anonymous_3)
FNDA:14,findEnvFile
DA:1,14
DA:3,14
DA:4,14
DA:5,14
DA:6,14
DA:8,1
DA:10,14
DA:13,14
DA:14,14
DA:15,12
DA:19,14
DA:20,13
DA:21,13
DA:22,24
DA:23,24
DA:25,6
DA:26,5
DA:33,14
DA:34,2
DA:38,12
DA:39,17
DA:44,12
DA:48,14
DA:49,13
DA:50,2
DA:52,13
DA:54,13
DA:55,1
DA:58,12
DA:59,10
DA:61,2
DA:62,107
DA:67,12
DA:70,14
DA:73,1
DA:75,14
DA:78,14
DA:80,14
DA:82,26
DA:84,26
DA:85,26
DA:86,14
DA:88,12
DA:93,14
DA:94,2
DA:98,12
LF:46
LH:46
BRDA:14,1,0,12
BRDA:14,1,1,2
BRDA:19,2,0,13
BRDA:19,2,1,1
BRDA:25,3,0,5
BRDA:25,3,1,1
BRDA:25,4,0,6
BRDA:25,4,1,6
BRDA:33,5,0,2
BRDA:33,5,1,12
BRDA:49,6,0,2
BRDA:49,6,1,11
BRDA:54,7,0,1
BRDA:54,7,1,12
BRDA:58,8,0,10
BRDA:58,8,1,2
BRDA:58,9,0,12
BRDA:58,9,1,12
BRDA:59,10,0,10
BRDA:59,10,1,10
BRDA:80,11,0,26
BRDA:80,11,1,26
BRDA:86,12,0,12
BRDA:86,12,1,2
BRDA:86,13,0,14
BRDA:86,13,1,14
BRDA:93,14,0,2
BRDA:93,14,1,12
BRF:28
BRH:28
end_of_record
